WorkerThreadPool: 10 threads, 7 max low-priority.
Godot Engine v4.5.1.stable.official.f62fdbde1 - https://godotengine.org
TextServer: Added interface "Dummy"
TextServer: Added interface "ICU / HarfBuzz / Graphite (Built-in)"
Unrecognized output string "misc2" in mapping:
030000007e0500006920000001010000,Nintendo Switch 2 Pro Controller,a:b0,b:b1,back:b14,dpdown:b8,dpleft:b10,dpright:b9,dpup:b11,guide:b16,leftshoulder:b12,leftstick:b15,lefttrigger:b13,leftx:a0,lefty:a1~,misc1:b17,misc2:b20,paddle1:b18,paddle2:b19,rightshoulder:b4,rightstick:b7,righttrigger:b5,rightx:a2,righty:a3~,start:b6,x:b2,y:b3,platform:Mac OS X,
SDL: Init OK!
Using "default" pen tablet driver...

TextServer: Primary interface set to: "ICU / HarfBuzz / Graphite (Built-in)".
CORE API HASH: 937899573
EDITOR API HASH: 1777164193
SceneTreeFTI: traversal method DEFAULT
Loading resource: /Users/connor/Library/Application Support/Godot/editor_settings-4.5.tres
EditorSettings: Load OK!
EditorTheme: Generating new theme for the config '66886095'.
EditorTheme: Generating new icons.
EditorTheme: Generating new fonts.
EditorTheme: Generating new styles.
Loading resource: /Users/connor/Library/Caches/Godot/editor_doc_cache-4.5.res
Loaded system CA certificates
[   0% ] [90m[1mfirst_scan_filesystem[22m | Started Project initialization (5 steps)[39m[0m
[   0% ] [90m[1mfirst_scan_filesystem[22m | Scanning file structure...[39m[0m
[  16% ] [90m[1mfirst_scan_filesystem[22m | Loading global class names...[39m[0m
[  33% ] [90m[1mfirst_scan_filesystem[22m | Verifying GDExtensions...[39m[0m
[  50% ] [90m[1mfirst_scan_filesystem[22m | Creating autoload scripts...[39m[0m
[  66% ] [90m[1mfirst_scan_filesystem[22m | Initializing plugins...[39m[0m
[  83% ] [90m[1mfirst_scan_filesystem[22m | Starting file scan...[39m[0m
[92m[ DONE ][39m [1mfirst_scan_filesystem[22m
[0m
[   0% ] [90m[1msavepack[22m | Started Packing (102 steps)[39m[0m
[   1% ] [90m[1msavepack[22m | Storing File: res://addons/fab_importer/post_import.gdc[39m[0m
Loading resource: res://assets/fab_environment.tres
[  13% ] [90m[1msavepack[22m | Storing File: res://.godot/exported/133200997/export-967e0801672fd08440af2eb5ff6661f4-fab_environment.res[39m[0m
[  26% ] [90m[1msavepack[22m | Storing File: res://.godot/imported/level.glb-dadcc56a2e5f0c7946f5dd2ed4295803.scn[39m[0m
[  26% ] [90m[1msavepack[22m | Storing File: res://assets/level.glb.import[39m[0m
Loading resource: res://scenes/Main.tscn
Loading resource: res://scripts/FabLevelLoader.gd
Loading resource: res://scenes/Player.tscn
Loading resource: res://scripts/FabPlayerController.gd
Loading resource: res://assets/fab_environment.tres
[  37% ] [90m[1msavepack[22m | Storing File: res://.godot/exported/133200997/export-4a24720ee5e787dbe30abc634fa3679d-Main.scn[39m[0m
Loading resource: res://scenes/Player.tscn
[  50% ] [90m[1msavepack[22m | Storing File: res://.godot/exported/133200997/export-e8220e74d1354b9e6b168b513689419c-Player.scn[39m[0m
[  62% ] [90m[1msavepack[22m | Storing File: res://scripts/FabLevelLoader.gdc[39m[0m
[  74% ] [90m[1msavepack[22m | Storing File: res://scripts/FabPlayerController.gdc[39m[0m
[  86% ] [90m[1msavepack[22m | Storing File: res://scripts/FabTriggerArea.gdc[39m[0m
[  86% ] [90m[1msavepack[22m | Storing File: res://addons/fab_importer/post_import.gd.remap[39m[0m
[  86% ] [90m[1msavepack[22m | Storing File: res://assets/fab_environment.tres.remap[39m[0m
[  86% ] [90m[1msavepack[22m | Storing File: res://scenes/Main.tscn.remap[39m[0m
[  86% ] [90m[1msavepack[22m | Storing File: res://scenes/Player.tscn.remap[39m[0m
[  86% ] [90m[1msavepack[22m | Storing File: res://scripts/FabLevelLoader.gd.remap[39m[0m
[  86% ] [90m[1msavepack[22m | Storing File: res://scripts/FabPlayerController.gd.remap[39m[0m
[  86% ] [90m[1msavepack[22m | Storing File: res://scripts/FabTriggerArea.gd.remap[39m[0m
[  86% ] [90m[1msavepack[22m | Storing File: res://.godot/global_script_class_cache.cfg[39m[0m
[  86% ] [90m[1msavepack[22m | Storing File: res://.godot/uid_cache.bin[39m[0m
[  86% ] [90m[1msavepack[22m | Storing File: res://project.binary[39m[0m
[92m[ DONE ][39m [1msavepack[22m
[0m
Script docs haven't been properly loaded or regenerated, so don't save them to disk.
EditorSettings: Save OK!
XR: Clearing primary interface
XR: Removed interface "Native mobile"
XR: Removed interface "OpenXR"
Orphan StringName: Node (static: 8, total: 9)
StringName: 1 unclaimed string names at exit.

WARNING: Screen-space ambient occlusion (SSAO) can only be enabled when using the Forward+ renderer.
     at: environment_set_ssao (servers/rendering/storage/environment_storage.cpp:586)
