==============================================
GENERATING 3D LEADER BUSTS FOR CINEMATICS
==============================================

=== UPLOADING REFERENCES ===
  Uploaded: leader_washington
  Uploaded: leader_elizabeth
  Uploaded: leader_napoleon
  Uploaded: leader_bismarck
  Uploaded: leader_gandhi
  Uploaded: leader_montezuma
  Uploaded: leader_cleopatra
  Uploaded: leader_alexander
  Uploaded: leader_genghis
  Uploaded: leader_caesar
  Uploaded: leader_wu_zetian

=== CONVERTING TO 3D BUSTS ===
  Converting: leader_washington...
    Queue: 1 running, 0 pending...
  Converting: leader_elizabeth...
    Queue: 1 running, 0 pending...
  Converting: leader_napoleon...
    Queue: 1 running, 0 pending...
  Converting: leader_bismarck...
    Queue: 1 running, 0 pending...
  Converting: leader_gandhi...
    Queue: 1 running, 0 pending...
  Converting: leader_montezuma...
    Queue: 1 running, 0 pending...
  Converting: leader_cleopatra...
    Queue: 1 running, 0 pending...
  Converting: leader_alexander...
    Queue: 1 running, 0 pending...
  Converting: leader_genghis...
    Queue: 1 running, 0 pending...
  Converting: leader_caesar...
    Queue: 1 running, 0 pending...
  Converting: leader_wu_zetian...
    Queue: 1 running, 0 pending...
  Converting: leader_tokugawa...

=== DOWNLOADING BUSTS ===
  leader_washington: OK (486KB)
  leader_elizabeth: OK (483KB)
  leader_napoleon: TOO SMALL
  leader_bismarck: TOO SMALL
  leader_gandhi: OK (327KB)
  leader_montezuma: OK (47KB)
  leader_cleopatra: OK (309KB)
  leader_alexander: OK (44KB)
  leader_genghis: OK (307KB)
  leader_caesar: OK (479KB)
  leader_wu_zetian: TOO SMALL
  leader_tokugawa: FAILED

==============================================
LEADER BUSTS COMPLETE: 8/12
==============================================
